# JRE version: OpenJDK Runtime Environment Microsoft-11369940 (21.0.7+6) (build 21.0.7+6-LTS)
# Java VM: OpenJDK 64-Bit Server VM Microsoft-11369940 (21.0.7+6-LTS, mixed mode, emulated-client, sharing, tiered, compressed oops, compressed class ptrs, g1 gc, windows-amd64)
GC Precious Log:
 CardTable entry size: 512
 Card Set container configuration: InlinePtr #cards 5 size 8 Array Of Cards #cards 12 size 40 Howl #buckets 4 coarsen threshold 1843 Howl Bitmap #cards 512 size 80 coarsen threshold 460 Card regions per heap region 1 cards per card region 2048
 CPUs: 12 total, 12 available
 Memory: 7501M
 Large Page Support: Disabled
 NUMA Support: Disabled
 Compressed Oops: Enabled (32-bit)
 Heap Region Size: 1M
 Heap Min Capacity: 8M
 Heap Initial Capacity: 118M
 Heap Max Capacity: 1876M
 Pre-touch: Disabled
 Parallel Workers: 10
 Concurrent Workers: 3
 Concurrent Refinement Workers: 10
 Periodic GC: Disabled
Heap:
 garbage-first heap   total 201728K, used 97995K [0x000000008ac00000, 0x0000000100000000)
  region size 1024K, 35 young (35840K), 9 survivors (9216K)
 Metaspace       used 135184K, committed 136320K, reserved 1179648K
  class space    used 18346K, committed 18880K, reserved 1048576K
GC Heap History (20 events):
Event: 7003.579 GC heap after
{Heap after GC invocations=104 (full 1):
 garbage-first heap   total 118784K, used 63720K [0x000000008ac00000, 0x0000000100000000)
  region size 1024K, 2 young (2048K), 2 survivors (2048K)
 Metaspace       used 131648K, committed 132736K, reserved 1179648K
  class space    used 18046K, committed 18560K, reserved 1048576K
}
Event: 7014.723 GC heap before
{Heap before GC invocations=105 (full 1):
 garbage-first heap   total 118784K, used 103656K [0x000000008ac00000, 0x0000000100000000)
  region size 1024K, 41 young (41984K), 2 survivors (2048K)
 Metaspace       used 131985K, committed 133056K, reserved 1179648K
  class space    used 18080K, committed 18560K, reserved 1048576K
}
Event: 7014.728 GC heap after
{Heap after GC invocations=106 (full 1):
 garbage-first heap   total 118784K, used 66274K [0x000000008ac00000, 0x0000000100000000)
  region size 1024K, 4 young (4096K), 4 survivors (4096K)
 Metaspace       used 131985K, committed 133056K, reserved 1179648K
  class space    used 18080K, committed 18560K, reserved 1048576K
}
Event: 7015.424 GC heap before
{Heap before GC invocations=106 (full 1):
 garbage-first heap   total 118784K, used 104162K [0x000000008ac00000, 0x0000000100000000)
  region size 1024K, 41 young (41984K), 4 survivors (4096K)
 Metaspace       used 132399K, committed 133504K, reserved 1179648K
  class space    used 18114K, committed 18624K, reserved 1048576K
}
Event: 7015.428 GC heap after
{Heap after GC invocations=107 (full 1):
 garbage-first heap   total 118784K, used 68789K [0x000000008ac00000, 0x0000000100000000)
  region size 1024K, 6 young (6144K), 6 survivors (6144K)
 Metaspace       used 132399K, committed 133504K, reserved 1179648K
  class space    used 18114K, committed 18624K, reserved 1048576K
}
Event: 7015.891 GC heap before
{Heap before GC invocations=107 (full 1):
 garbage-first heap   total 118784K, used 102581K [0x000000008ac00000, 0x0000000100000000)
  region size 1024K, 39 young (39936K), 6 survivors (6144K)
 Metaspace       used 132905K, committed 134080K, reserved 1179648K
  class space    used 18155K, committed 18688K, reserved 1048576K
}
Event: 7015.898 GC heap after
{Heap after GC invocations=108 (full 1):
 garbage-first heap   total 118784K, used 70199K [0x000000008ac00000, 0x0000000100000000)
  region size 1024K, 4 young (4096K), 4 survivors (4096K)
 Metaspace       used 132905K, committed 134080K, reserved 1179648K
  class space    used 18155K, committed 18688K, reserved 1048576K
}
Event: 7016.610 GC heap before
{Heap before GC invocations=109 (full 1):
 garbage-first heap   total 121856K, used 105015K [0x000000008ac00000, 0x0000000100000000)
  region size 1024K, 38 young (38912K), 4 survivors (4096K)
 Metaspace       used 133211K, committed 134400K, reserved 1179648K
  class space    used 18193K, committed 18752K, reserved 1048576K
}
Event: 7016.618 GC heap after
{Heap after GC invocations=110 (full 1):
 garbage-first heap   total 121856K, used 72890K [0x000000008ac00000, 0x0000000100000000)
  region size 1024K, 5 young (5120K), 5 survivors (5120K)
 Metaspace       used 133211K, committed 134400K, reserved 1179648K
  class space    used 18193K, committed 18752K, reserved 1048576K
}
Event: 7017.238 GC heap before
{Heap before GC invocations=110 (full 1):
 garbage-first heap   total 121856K, used 105658K [0x000000008ac00000, 0x0000000100000000)
  region size 1024K, 37 young (37888K), 5 survivors (5120K)
 Metaspace       used 133356K, committed 134656K, reserved 1179648K
  class space    used 18229K, committed 18816K, reserved 1048576K
}
Event: 7017.247 GC heap after
{Heap after GC invocations=111 (full 1):
 garbage-first heap   total 243712K, used 75235K [0x000000008ac00000, 0x0000000100000000)
  region size 1024K, 5 young (5120K), 5 survivors (5120K)
 Metaspace       used 133356K, committed 134656K, reserved 1179648K
  class space    used 18229K, committed 18816K, reserved 1048576K
}
Event: 7019.187 GC heap before
{Heap before GC invocations=111 (full 1):
 garbage-first heap   total 243712K, used 104931K [0x000000008ac00000, 0x0000000100000000)
  region size 1024K, 35 young (35840K), 5 survivors (5120K)
 Metaspace       used 133376K, committed 134656K, reserved 1179648K
  class space    used 18235K, committed 18816K, reserved 1048576K
}
Event: 7020.274 GC heap after
{Heap after GC invocations=112 (full 2):
 garbage-first heap   total 201728K, used 55614K [0x000000008ac00000, 0x0000000100000000)
  region size 1024K, 0 young (0K), 0 survivors (0K)
 Metaspace       used 132914K, committed 134656K, reserved 1179648K
  class space    used 18125K, committed 18816K, reserved 1048576K
}
Event: 7028.420 GC heap before
{Heap before GC invocations=112 (full 2):
 garbage-first heap   total 201728K, used 172350K [0x000000008ac00000, 0x0000000100000000)
  region size 1024K, 115 young (117760K), 0 survivors (0K)
 Metaspace       used 133809K, committed 134976K, reserved 1179648K
  class space    used 18235K, committed 18816K, reserved 1048576K
}
Event: 7028.425 GC heap after
{Heap after GC invocations=113 (full 2):
 garbage-first heap   total 201728K, used 64417K [0x000000008ac00000, 0x0000000100000000)
  region size 1024K, 9 young (9216K), 9 survivors (9216K)
 Metaspace       used 133809K, committed 134976K, reserved 1179648K
  class space    used 18235K, committed 18816K, reserved 1048576K
}
Event: 7038.793 GC heap before
{Heap before GC invocations=114 (full 2):
 garbage-first heap   total 201728K, used 169889K [0x000000008ac00000, 0x0000000100000000)
  region size 1024K, 112 young (114688K), 9 survivors (9216K)
 Metaspace       used 134914K, committed 136064K, reserved 1179648K
  class space    used 18322K, committed 18880K, reserved 1048576K
}
Event: 7038.806 GC heap after
{Heap after GC invocations=115 (full 2):
 garbage-first heap   total 201728K, used 69482K [0x000000008ac00000, 0x0000000100000000)
  region size 1024K, 6 young (6144K), 6 survivors (6144K)
 Metaspace       used 134914K, committed 136064K, reserved 1179648K
  class space    used 18322K, committed 18880K, reserved 1048576K
}
Event: 7095.882 GC heap before
{Heap before GC invocations=115 (full 2):
 garbage-first heap   total 201728K, used 173930K [0x000000008ac00000, 0x0000000100000000)
  region size 1024K, 108 young (110592K), 6 survivors (6144K)
 Metaspace       used 135181K, committed 136320K, reserved 1179648K
  class space    used 18346K, committed 18880K, reserved 1048576K
}
Event: 7095.893 GC heap after
{Heap after GC invocations=116 (full 2):
 garbage-first heap   total 201728K, used 72395K [0x000000008ac00000, 0x0000000100000000)
  region size 1024K, 9 young (9216K), 9 survivors (9216K)
 Metaspace       used 135181K, committed 136320K, reserved 1179648K
  class space    used 18346K, committed 18880K, reserved 1048576K
}
Event: 7186.522 GC heap before
{Heap before GC invocations=116 (full 2):
 garbage-first heap   total 201728K, used 97995K [0x000000008ac00000, 0x0000000100000000)
  region size 1024K, 35 young (35840K), 9 survivors (9216K)
 Metaspace       used 135184K, committed 136320K, reserved 1179648K
  class space    used 18346K, committed 18880K, reserved 1048576K
}

